<?xml version="1.0" encoding="UTF-8"?>
<!-- Generated by org.testng.reporters.JUnitReportReporter -->
<testsuite skipped="0" hostname="LAPTOP-J41V6O34" name="test.Class1" tests="2" failures="0" timestamp="03 四月 2019 22:58:58 GMT" time="0.017" errors="0">
  <testcase name="Demo2" time="0.004" classname="test.Class1"/>
  <testcase name="Demo1" time="0.013" classname="test.Class1"/>
</testsuite> <!-- test.Class1 -->
