<?xml version="1.0" encoding="UTF-8"?>
<!-- Generated by org.testng.reporters.JUnitReportReporter -->
<testsuite skipped="0" hostname="LAPTOP-J41V6O34" name="test.Class2" tests="4" failures="0" timestamp="03 四月 2019 22:58:58 GMT" time="0.024" errors="0">
  <testcase name="Demo3" time="0.017" classname="test.Class2"/>
  <testcase name="Demo3" time="0.001" classname="test.Class2"/>
  <testcase name="Demo3" time="0.003" classname="test.Class2"/>
  <testcase name="Demo4" time="0.003" classname="test.Class2"/>
</testsuite> <!-- test.Class2 -->
