<?xml version="1.0" encoding="UTF-8"?>
<!-- Generated by org.testng.reporters.JUnitReportReporter -->
<testsuite skipped="0" hostname="LAPTOP-J41V6O34" name="test.GlobalParameters" tests="2" failures="0" timestamp="04 四月 2019 00:45:53 GMT" time="0.009" errors="0">
  <testcase name="GlobalPara_A_Test" time="0.009" classname="test.GlobalParameters"/>
  <testcase name="GlobalPara_B_Test" time="0.000" classname="test.GlobalParameters"/>
</testsuite> <!-- test.GlobalParameters -->
