<?xml version="1.0" encoding="UTF-8"?>
<!-- Generated by org.testng.reporters.JUnitReportReporter -->
<testsuite skipped="1" hostname="LAPTOP-J41V6O34" name="test.Class4" tests="6" failures="0" timestamp="03 四月 2019 22:58:58 GMT" time="0.033" errors="0">
  <testcase name="MobileMenu1Test" time="0.010" classname="test.Class4"/>
  <testcase name="WebCostcologdin" time="0.003" classname="test.Class4"/>
  <testcase name="MobileAndroidTest" time="0.002" classname="test.Class4"/>
  <testcase name="TimeOutTest" time="0.013" classname="test.Class4"/>
  <testcase name="MobileMenu2Test" time="0.005" classname="test.Class4"/>
  <testcase name="MobileAppiumTest" classname="test.Class4">
    <skipped/>
  </testcase> <!-- MobileAppiumTest -->
</testsuite> <!-- test.Class4 -->
